{"name": "test_guest_cant_see_success_message_after_adding_product_to_basket", "status": "skipped", "statusDetails": {"message": "XFAIL\n\nAssertionError: Success message is presented, but should not be", "trace": "browser = <selenium.webdriver.chrome.webdriver.WebDriver (session=\"467aca8478f12f7ca76c8daa2e382548\")>\n\n    @pytest.mark.xfail\n    def test_guest_cant_see_success_message_after_adding_product_to_basket(browser):\n        link = \"http://selenium1py.pythonanywhere.com/catalogue/coders-at-work_207/\"\n        page = ProductPage(browser, link)\n        page.open()\n        page.add_to_cart()\n>       page.should_not_be_success_message()\n\ntest_product_page.py:53: \n_ _ _ _ _ _ _ _ _ _ _ _ _ _ _ _ _ _ _ _ _ _ _ _ _ _ _ _ _ _ _ _ _ _ _ _ _ _ _ _ _ _ _ _ _ _ \n\nself = <Tests_Selenium_With_Python_PO.pages.product_page.ProductPage object at 0x03906EB0>\n\n    def should_not_be_success_message(self):\n>       assert self.is_not_element_present(*ProductPageLocators.SUCCESS_MESSAGE), \\\n            \"Success message is presented, but should not be\"\nE       AssertionError: Success message is presented, but should not be\n\npages\\product_page.py:23: AssertionError"}, "attachments": [{"name": "stdout", "source": "cf696563-406b-4c7f-9b7c-ec09a319974d-attachment.txt", "type": "text/plain"}], "start": 1610339596558, "stop": 1610339601084, "uuid": "7039cbbc-3f73-4036-b1af-02a828a37e2d", "historyId": "a6a0d3bb6cb6bc822eaf40d4fb29666d", "testCaseId": "1c8a9198cae72a413cddcfb1096300dc", "fullName": "test_product_page#test_guest_cant_see_success_message_after_adding_product_to_basket", "labels": [{"name": "tag", "value": "@pytest.mark.xfail"}, {"name": "suite", "value": "test_product_page"}, {"name": "host", "value": "Den"}, {"name": "thread", "value": "9796-MainThread"}, {"name": "framework", "value": "pytest"}, {"name": "language", "value": "cpython3"}, {"name": "package", "value": "test_product_page"}]}