{"name": "test_message_disappeared_after_adding_product_to_basket", "status": "skipped", "statusDetails": {"message": "XFAIL\n\nAssertionError: Element is not disappeared, but should not be", "trace": "browser = <selenium.webdriver.chrome.webdriver.WebDriver (session=\"445c06020533226d1b85df19611fc193\")>\n\n    @pytest.mark.xfail\n    def test_message_disappeared_after_adding_product_to_basket(browser):\n        link = \"http://selenium1py.pythonanywhere.com/catalogue/coders-at-work_207/\"\n        page = ProductPage(browser, link)\n        page.open()\n        page.add_to_cart()\n>       page.should_be_disappeared()\n\ntest_product_page.py:69: \n_ _ _ _ _ _ _ _ _ _ _ _ _ _ _ _ _ _ _ _ _ _ _ _ _ _ _ _ _ _ _ _ _ _ _ _ _ _ _ _ _ _ _ _ _ _ \n\nself = <Tests_Selenium_With_Python_PO.pages.product_page.ProductPage object at 0x03995F58>\n\n    def should_be_disappeared(self):\n>       assert self.is_disappeared(*ProductPageLocators.SUCCESS_MESSAGE), \\\n            \"Element is not disappeared, but should not be\"\nE       AssertionError: Element is not disappeared, but should not be\n\npages\\product_page.py:27: AssertionError"}, "attachments": [{"name": "stdout", "source": "0aa15bb4-34e6-4d7d-9035-1ae3e9eaa027-attachment.txt", "type": "text/plain"}], "start": 1610339620955, "stop": 1610339631001, "uuid": "f7450ab6-b9ca-4e4c-8b6c-865f1b1dafc6", "historyId": "778151ff98c7d63a55ee1a4b3d28f6bc", "testCaseId": "3fca896906b6fc9a65e0fff73101183d", "fullName": "test_product_page#test_message_disappeared_after_adding_product_to_basket", "labels": [{"name": "tag", "value": "@pytest.mark.xfail"}, {"name": "suite", "value": "test_product_page"}, {"name": "host", "value": "Den"}, {"name": "thread", "value": "9796-MainThread"}, {"name": "framework", "value": "pytest"}, {"name": "language", "value": "cpython3"}, {"name": "package", "value": "test_product_page"}]}